<?xml version="1.0" encoding="UTF-8"?>
<!-- Generated by org.testng.reporters.JUnitXMLReporter -->
<testsuite ignored="0" hostname="Annblossom" failures="0" tests="2" name="Accounts Page Test" time="13.971" errors="0" timestamp="2025-09-28T22:23:26 EDT">
  <testcase classname="com.qa.opencart.tests.AccountsPageTest" name="accPageHeadersTest" time="0.04"/>
  <testcase classname="com.qa.opencart.tests.AccountsPageTest" name="isLogoutLinkExistTest" time="0.694"/>
</testsuite> <!-- Accounts Page Test -->
