<?xml version="1.0" encoding="UTF-8"?>
<!-- Generated by org.testng.reporters.JUnitReportReporter -->
<testsuite hostname="Annblossom" failures="0" tests="5" name="com.qa.opencart.tests.LoginPageNegativeTest" time="17.529" errors="0" timestamp="2025-10-13T16:16:25 EDT" skipped="0">
  <testcase classname="com.qa.opencart.tests.LoginPageNegativeTest" name="negativeLoginTest" time="3.834"/>
  <system-out/>
  <testcase classname="com.qa.opencart.tests.LoginPageNegativeTest" name="negativeLoginTest" time="3.451"/>
  <system-out/>
  <testcase classname="com.qa.opencart.tests.LoginPageNegativeTest" name="negativeLoginTest" time="3.196"/>
  <system-out/>
  <testcase classname="com.qa.opencart.tests.LoginPageNegativeTest" name="negativeLoginTest" time="3.453"/>
  <system-out/>
  <testcase classname="com.qa.opencart.tests.LoginPageNegativeTest" name="negativeLoginTest" time="3.595"/>
  <system-out/>
</testsuite> <!-- com.qa.opencart.tests.LoginPageNegativeTest -->
